 species:MeVK
MethylVinylKetone CH3C(O)CH=CH2
ISX=    ISP=   p
 openfile=XMeVK_JPL11X.dat
Table 4D-21. Absorption Cross Sections of CH3C(O)CH=CH2 at 298 K (1e-20)
 Temperature:    220.    272.    295.
MeVK  p177 0.000E+00 0.000E+00 0.000E+00 0.000E+00 0.000E+00 0.000E+00
           0.000E+00 0.000E+00 1.794E-22 4.764E-21 5.472E-21 5.837E-21
           5.245E-21 4.486E-21 3.669E-21 1.710E-21 9.053E-23 0.000E+00

MeVK  |CH3C(O)CH=CH2 > | MethylVinyl Ketone = CH3C(O)CH=CH2    JPL10
p177a 0.000E+00 0.000E+00 0.000E+00 0.000E+00 0.000E+00 0.000E+00 MeVK
 177b 0.000E+00 0.000E+00 1.794E-22 4.764E-21 5.472E-21 5.837E-21 MeVK
 177c 5.245E-21 4.486E-21 3.669E-21 1.710E-21 9.053E-23 0.000E+00 MeVK

MeVK  p566 0.000E+00 0.000E+00 0.000E+00 0.000E+00 0.000E+00 0.000E+00
           0.000E+00 0.000E+00 1.007E-22 2.675E-21 3.072E-21 3.276E-21
           2.944E-21 2.518E-21 2.061E-21 9.598E-22 5.075E-23 0.000E+00

MeVK                   | =>C3H6+CO[0.6] CH2CHCO+CH3[0.2] CH3CO+C2H3[0.2]
p566a 0.000E+00 0.000E+00 0.000E+00 0.000E+00 0.000E+00 0.000E+00 MeVK
 566b 0.000E+00 0.000E+00 1.007E-22 2.675E-21 3.072E-21 3.276E-21 MeVK
 566c 2.944E-21 2.518E-21 2.061E-21 9.598E-22 5.075E-23 0.000E+00 MeVK

MeVK  p999 0.000E+00 0.000E+00 0.000E+00 0.000E+00 0.000E+00 0.000E+00
           0.000E+00 0.000E+00 6.909E-23 1.835E-21 2.108E-21 2.248E-21
           2.020E-21 1.726E-21 1.414E-21 6.587E-22 3.473E-23 0.000E+00

MeVK
p999a 0.000E+00 0.000E+00 0.000E+00 0.000E+00 0.000E+00 0.000E+00 MeVK
 999b 0.000E+00 0.000E+00 6.909E-23 1.835E-21 2.108E-21 2.248E-21 MeVK
 999c 2.020E-21 1.726E-21 1.414E-21 6.587E-22 3.473E-23 0.000E+00 MeVK
