JPL 2010 Table 4C-2 & Table 4C-3 for NO2 and Q-yield
       uses solar flux out to 850 nm for Fast-J up to v7.2

NO2    220 0.000E+00 0.000E+00 0.000E+00 0.000E+00 0.000E+00 0.000E+00
           0.000E+00 0.000E+00 1.915E-20 4.696E-20 7.674E-20 1.075E-19
           1.471E-19 1.840E-19 2.205E-19 3.202E-19 4.431E-19 2.377E-22
NO2    294 0.000E+00 0.000E+00 0.000E+00 0.000E+00 0.000E+00 0.000E+00
           0.000E+00 0.000E+00 2.312E-20 4.697E-20 7.556E-20 1.063E-19
           1.477E-19 1.869E-19 2.295E-19 3.448E-19 4.634E-19 4.191E-22
NO2ex  200 0.000E+00 0.000E+00 0.000E+00 0.000E+00 0.000E+00 0.000E+00
           0.000E+00 0.000E+00 1.834E-20 4.696E-20 7.707E-20 1.078E-19
           1.470E-19 1.832E-19 2.181E-19 3.138E-19 4.321E-19 1.386E-22
NO2ex  300 0.000E+00 0.000E+00 0.000E+00 0.000E+00 0.000E+00 0.000E+00
           0.000E+00 0.000E+00 2.354E-20 4.697E-20 7.546E-20 1.063E-19
           1.477E-19 1.872E-19 2.303E-19 3.469E-19 4.657E-19 4.458E-22

       uses solar flux out to 778 nm for Cloud-J v7.3+
 NO2
 220a 0.000E+00 0.000E+00 0.000E+00 0.000E+00 0.000E+00 0.000E+00 NO2
 220b 0.000E+00 0.000E+00 1.915E-20 4.696E-20 7.674E-20 1.075E-19 NO2
 220c 1.471E-19 1.840E-19 2.205E-19 3.202E-19 4.431E-19 2.805E-22 NO2
 NO2
 294a 0.000E+00 0.000E+00 0.000E+00 0.000E+00 0.000E+00 0.000E+00 NO2
 294b 0.000E+00 0.000E+00 2.312E-20 4.697E-20 7.556E-20 1.063E-19 NO2
 294c 1.477E-19 1.869E-19 2.295E-19 3.448E-19 4.634E-19 4.947E-22 NO2
 NO2ex
 200a 0.000E+00 0.000E+00 0.000E+00 0.000E+00 0.000E+00 0.000E+00 NO2
 200b 0.000E+00 0.000E+00 1.834E-20 4.696E-20 7.707E-20 1.078E-19 NO2
 200c 1.470E-19 1.832E-19 2.181E-19 3.138E-19 4.321E-19 1.636E-22 NO2
 NO2ex
 300a 0.000E+00 0.000E+00 0.000E+00 0.000E+00 0.000E+00 0.000E+00 NO2
 300b 0.000E+00 0.000E+00 2.354E-20 4.697E-20 7.546E-20 1.063E-19 NO2
 300c 1.477E-19 1.872E-19 2.303E-19 3.469E-19 4.657E-19 5.261E-22 NO2
